{"errorCode":2018,"errorDescription":"Department name not in valid format","level":"error","message":"","timestamp":"2014-08-27T03:52:55.814Z"}
{"username":"chaitanya","errorDescription":"The password entered is incorrect for username: chaitanya","errorCode":2002,"level":"warn","message":"","timestamp":"2014-08-29T16:49:15.518Z"}
{"username":"chaitanya","errorDescription":"The password entered is incorrect for username: chaitanya","errorCode":2002,"level":"error","message":"","timestamp":"2014-08-29T16:49:15.521Z"}
{"username":"chaitanya","errorDescription":"The password entered is incorrect for username: chaitanya","errorCode":2002,"level":"warn","message":"","timestamp":"2014-08-29T16:49:17.033Z"}
{"username":"chaitanya","errorDescription":"The password entered is incorrect for username: chaitanya","errorCode":2002,"level":"error","message":"","timestamp":"2014-08-29T16:49:17.033Z"}
{"username":"chaitanya","errorDescription":"The password entered is incorrect for username: chaitanya","errorCode":2002,"level":"warn","message":"","timestamp":"2014-08-29T16:51:42.067Z"}
{"username":"chaitanya","errorDescription":"The password entered is incorrect for username: chaitanya","errorCode":2002,"level":"error","message":"","timestamp":"2014-08-29T16:51:42.067Z"}
{"username":"Chaitanya","errorDescription":"The password entered is incorrect for username: Chaitanya","errorCode":2002,"level":"warn","message":"","timestamp":"2014-08-29T16:54:33.294Z"}
{"username":"Chaitanya","errorDescription":"The password entered is incorrect for username: Chaitanya","errorCode":2002,"level":"error","message":"","timestamp":"2014-08-29T16:54:33.294Z"}
{"username":"Chaitanya","errorDescription":"The password entered is incorrect for username: Chaitanya","errorCode":2002,"level":"warn","message":"","timestamp":"2014-08-29T16:54:42.533Z"}
{"username":"Chaitanya","errorDescription":"The password entered is incorrect for username: Chaitanya","errorCode":2002,"level":"error","message":"","timestamp":"2014-08-29T16:54:42.533Z"}
{"username":"Chaitanya","errorDescription":"The password entered is incorrect for username: Chaitanya","errorCode":2002,"level":"warn","message":"","timestamp":"2014-08-29T16:54:42.538Z"}
{"username":"Chaitanya","errorDescription":"The password entered is incorrect for username: Chaitanya","errorCode":2002,"level":"error","message":"","timestamp":"2014-08-29T16:54:42.538Z"}
{"username":"Chaitanya","errorDescription":"The password entered is incorrect for username: Chaitanya","errorCode":2002,"level":"warn","message":"","timestamp":"2014-08-29T16:54:42.786Z"}
{"username":"Chaitanya","errorDescription":"The password entered is incorrect for username: Chaitanya","errorCode":2002,"level":"error","message":"","timestamp":"2014-08-29T16:54:42.786Z"}
{"username":"Chaitanya","errorDescription":"The password entered is incorrect for username: Chaitanya","errorCode":2002,"level":"warn","message":"","timestamp":"2014-08-29T16:54:50.300Z"}
{"username":"Chaitanya","errorDescription":"The password entered is incorrect for username: Chaitanya","errorCode":2002,"level":"error","message":"","timestamp":"2014-08-29T16:54:50.330Z"}
{"username":"Chaitanya","errorDescription":"The password entered is incorrect for username: Chaitanya","errorCode":2002,"level":"warn","message":"","timestamp":"2014-08-29T16:54:51.858Z"}
{"username":"Chaitanya","errorDescription":"The password entered is incorrect for username: Chaitanya","errorCode":2002,"level":"error","message":"","timestamp":"2014-08-29T16:54:51.859Z"}
{"username":"Chaitanya","errorDescription":"The password entered is incorrect for username: Chaitanya","errorCode":2002,"level":"warn","message":"","timestamp":"2014-08-29T16:55:01.461Z"}
{"username":"Chaitanya","errorDescription":"The password entered is incorrect for username: Chaitanya","errorCode":2002,"level":"error","message":"","timestamp":"2014-08-29T16:55:01.462Z"}
{"username":"Chaitanya","errorDescription":"The password entered is incorrect for username: Chaitanya","errorCode":2002,"level":"warn","message":"","timestamp":"2014-08-29T16:55:23.410Z"}
{"username":"Chaitanya","errorDescription":"The password entered is incorrect for username: Chaitanya","errorCode":2002,"level":"error","message":"","timestamp":"2014-08-29T16:55:23.410Z"}
{"username":"Chaitanya","errorDescription":"The password entered is incorrect for username: Chaitanya","errorCode":2002,"level":"warn","message":"","timestamp":"2014-08-29T16:55:27.010Z"}
{"username":"Chaitanya","errorDescription":"The password entered is incorrect for username: Chaitanya","errorCode":2002,"level":"error","message":"","timestamp":"2014-08-29T16:55:27.010Z"}
{"username":"Chaitanya","errorDescription":"The password entered is incorrect for username: Chaitanya","errorCode":2002,"level":"warn","message":"","timestamp":"2014-08-29T16:55:29.178Z"}
{"username":"Chaitanya","errorDescription":"The password entered is incorrect for username: Chaitanya","errorCode":2002,"level":"error","message":"","timestamp":"2014-08-29T16:55:29.179Z"}
{"username":"Chaitanya","errorDescription":"The password entered is incorrect for username: Chaitanya","errorCode":2002,"level":"warn","message":"","timestamp":"2014-08-29T16:56:25.738Z"}
{"username":"Chaitanya","errorDescription":"The password entered is incorrect for username: Chaitanya","errorCode":2002,"level":"error","message":"","timestamp":"2014-08-29T16:56:25.738Z"}
{"username":"Chaitanya","errorDescription":"The password entered is incorrect for username: Chaitanya","errorCode":2002,"level":"warn","message":"","timestamp":"2014-08-29T16:56:26.351Z"}
{"username":"Chaitanya","errorDescription":"The password entered is incorrect for username: Chaitanya","errorCode":2002,"level":"error","message":"","timestamp":"2014-08-29T16:56:26.352Z"}
{"username":"Chaitanya","errorDescription":"The password entered is incorrect for username: Chaitanya","errorCode":2002,"level":"warn","message":"","timestamp":"2014-08-29T16:56:27.000Z"}
{"username":"Chaitanya","errorDescription":"The password entered is incorrect for username: Chaitanya","errorCode":2002,"level":"error","message":"","timestamp":"2014-08-29T16:56:27.031Z"}
{"username":"Chaitanya","errorDescription":"The password entered is incorrect for username: Chaitanya","errorCode":2002,"level":"warn","message":"","timestamp":"2014-08-29T16:56:28.586Z"}
{"username":"Chaitanya","errorDescription":"The password entered is incorrect for username: Chaitanya","errorCode":2002,"level":"error","message":"","timestamp":"2014-08-29T16:56:28.586Z"}
{"username":"Chaitanya","errorDescription":"The password entered is incorrect for username: Chaitanya","errorCode":2002,"level":"warn","message":"","timestamp":"2014-08-29T16:56:29.559Z"}
{"username":"Chaitanya","errorDescription":"The password entered is incorrect for username: Chaitanya","errorCode":2002,"level":"error","message":"","timestamp":"2014-08-29T16:56:29.559Z"}
{"username":"Chaitanya","errorDescription":"The password entered is incorrect for username: Chaitanya","errorCode":2002,"level":"warn","message":"","timestamp":"2014-08-29T16:56:41.507Z"}
{"username":"Chaitanya","errorDescription":"The password entered is incorrect for username: Chaitanya","errorCode":2002,"level":"error","message":"","timestamp":"2014-08-29T16:56:41.508Z"}
{"username":"Chaitanya","errorDescription":"The password entered is incorrect for username: Chaitanya","errorCode":2002,"level":"warn","message":"","timestamp":"2014-08-29T16:57:01.859Z"}
{"username":"Chaitanya","errorDescription":"The password entered is incorrect for username: Chaitanya","errorCode":2002,"level":"error","message":"","timestamp":"2014-08-29T16:57:01.860Z"}
{"username":"Chaitanya","errorDescription":"The password entered is incorrect for username: Chaitanya","errorCode":2002,"level":"warn","message":"","timestamp":"2014-08-29T16:57:34.142Z"}
{"username":"Chaitanya","errorDescription":"The password entered is incorrect for username: Chaitanya","errorCode":2002,"level":"error","message":"","timestamp":"2014-08-29T16:57:34.142Z"}
{"username":"Chaitanya","errorDescription":"The password entered is incorrect for username: Chaitanya","errorCode":2002,"level":"warn","message":"","timestamp":"2014-08-29T16:57:34.833Z"}
{"username":"Chaitanya","errorDescription":"The password entered is incorrect for username: Chaitanya","errorCode":2002,"level":"error","message":"","timestamp":"2014-08-29T16:57:34.833Z"}
{"username":"Chaitanya","errorDescription":"The password entered is incorrect for username: Chaitanya","errorCode":2002,"level":"warn","message":"","timestamp":"2014-08-29T16:57:35.537Z"}
{"username":"Chaitanya","errorDescription":"The password entered is incorrect for username: Chaitanya","errorCode":2002,"level":"error","message":"","timestamp":"2014-08-29T16:57:35.538Z"}
{"username":"Chaitanya","errorDescription":"The password entered is incorrect for username: Chaitanya","errorCode":2002,"level":"warn","message":"","timestamp":"2014-08-29T16:57:47.121Z"}
{"username":"Chaitanya","errorDescription":"The password entered is incorrect for username: Chaitanya","errorCode":2002,"level":"error","message":"","timestamp":"2014-08-29T16:57:47.121Z"}
{"username":"Chaitanya","errorDescription":"The password entered is incorrect for username: Chaitanya","errorCode":2002,"level":"warn","message":"","timestamp":"2014-08-29T16:57:50.425Z"}
{"username":"Chaitanya","errorDescription":"The password entered is incorrect for username: Chaitanya","errorCode":2002,"level":"error","message":"","timestamp":"2014-08-29T16:57:50.426Z"}
{"username":"Chaitanya","errorDescription":"The password entered is incorrect for username: Chaitanya","errorCode":2002,"level":"warn","message":"","timestamp":"2014-08-29T16:57:51.304Z"}
{"username":"Chaitanya","errorDescription":"The password entered is incorrect for username: Chaitanya","errorCode":2002,"level":"error","message":"","timestamp":"2014-08-29T16:57:51.304Z"}
{"username":"Chaitanya","errorDescription":"The password entered is incorrect for username: Chaitanya","errorCode":2002,"level":"warn","message":"","timestamp":"2014-08-29T16:57:52.984Z"}
{"username":"Chaitanya","errorDescription":"The password entered is incorrect for username: Chaitanya","errorCode":2002,"level":"error","message":"","timestamp":"2014-08-29T16:57:52.985Z"}
{"username":"Chaitanya","errorDescription":"The password entered is incorrect for username: Chaitanya","errorCode":2002,"level":"warn","message":"","timestamp":"2014-08-29T16:57:53.302Z"}
{"username":"Chaitanya","errorDescription":"The password entered is incorrect for username: Chaitanya","errorCode":2002,"level":"error","message":"","timestamp":"2014-08-29T16:57:53.302Z"}
{"username":"Chaitanya","errorDescription":"The password entered is incorrect for username: Chaitanya","errorCode":2002,"level":"warn","message":"","timestamp":"2014-08-29T16:58:02.922Z"}
{"username":"Chaitanya","errorDescription":"The password entered is incorrect for username: Chaitanya","errorCode":2002,"level":"error","message":"","timestamp":"2014-08-29T16:58:02.922Z"}
{"username":"Chaitanya","errorDescription":"The password entered is incorrect for username: Chaitanya","errorCode":2002,"level":"warn","message":"","timestamp":"2014-08-29T16:58:12.315Z"}
{"username":"Chaitanya","errorDescription":"The password entered is incorrect for username: Chaitanya","errorCode":2002,"level":"error","message":"","timestamp":"2014-08-29T16:58:12.315Z"}
{"username":"Chaitanya","errorDescription":"The password entered is incorrect for username: Chaitanya","errorCode":2002,"level":"warn","message":"","timestamp":"2014-08-29T16:58:27.903Z"}
{"username":"Chaitanya","errorDescription":"The password entered is incorrect for username: Chaitanya","errorCode":2002,"level":"error","message":"","timestamp":"2014-08-29T16:58:27.904Z"}
{"username":"Chaitanya","errorDescription":"The password entered is incorrect for username: Chaitanya","errorCode":2002,"level":"warn","message":"","timestamp":"2014-08-29T16:58:28.484Z"}
{"username":"Chaitanya","errorDescription":"The password entered is incorrect for username: Chaitanya","errorCode":2002,"level":"error","message":"","timestamp":"2014-08-29T16:58:28.484Z"}
{"username":"Chaitanya","errorDescription":"The password entered is incorrect for username: Chaitanya","errorCode":2002,"level":"warn","message":"","timestamp":"2014-08-29T16:58:29.062Z"}
{"username":"Chaitanya","errorDescription":"The password entered is incorrect for username: Chaitanya","errorCode":2002,"level":"error","message":"","timestamp":"2014-08-29T16:58:29.063Z"}
{"username":"Chaitanya","errorDescription":"The password entered is incorrect for username: Chaitanya","errorCode":2002,"level":"warn","message":"","timestamp":"2014-08-29T16:59:13.676Z"}
{"username":"Chaitanya","errorDescription":"The password entered is incorrect for username: Chaitanya","errorCode":2002,"level":"error","message":"","timestamp":"2014-08-29T16:59:13.677Z"}
{"username":"Chaitanya","errorDescription":"The password entered is incorrect for username: Chaitanya","errorCode":2002,"level":"warn","message":"","timestamp":"2014-08-29T16:59:16.329Z"}
{"username":"Chaitanya","errorDescription":"The password entered is incorrect for username: Chaitanya","errorCode":2002,"level":"error","message":"","timestamp":"2014-08-29T16:59:16.330Z"}
{"username":"Chaitanya","errorDescription":"The password entered is incorrect for username: Chaitanya","errorCode":2002,"level":"warn","message":"","timestamp":"2014-08-29T16:59:16.947Z"}
{"username":"Chaitanya","errorDescription":"The password entered is incorrect for username: Chaitanya","errorCode":2002,"level":"error","message":"","timestamp":"2014-08-29T16:59:16.948Z"}
{"username":"Chaitanya","errorDescription":"The password entered is incorrect for username: Chaitanya","errorCode":2002,"level":"warn","message":"","timestamp":"2014-08-29T16:59:18.564Z"}
{"username":"Chaitanya","errorDescription":"The password entered is incorrect for username: Chaitanya","errorCode":2002,"level":"error","message":"","timestamp":"2014-08-29T16:59:18.564Z"}
{"username":"Chaitanya","errorDescription":"The password entered is incorrect for username: Chaitanya","errorCode":2002,"level":"warn","message":"","timestamp":"2014-08-29T16:59:19.204Z"}
{"username":"Chaitanya","errorDescription":"The password entered is incorrect for username: Chaitanya","errorCode":2002,"level":"error","message":"","timestamp":"2014-08-29T16:59:19.205Z"}
{"username":"Chaitanya","errorDescription":"The password entered is incorrect for username: Chaitanya","errorCode":2002,"level":"warn","message":"","timestamp":"2014-08-29T16:59:25.453Z"}
{"username":"Chaitanya","errorDescription":"The password entered is incorrect for username: Chaitanya","errorCode":2002,"level":"error","message":"","timestamp":"2014-08-29T16:59:25.454Z"}
{"username":"Chaitanya","errorDescription":"The password entered is incorrect for username: Chaitanya","errorCode":2002,"level":"warn","message":"","timestamp":"2014-08-29T16:59:26.573Z"}
{"username":"Chaitanya","errorDescription":"The password entered is incorrect for username: Chaitanya","errorCode":2002,"level":"error","message":"","timestamp":"2014-08-29T16:59:26.573Z"}
{"username":"Chaitanya","errorDescription":"The password entered is incorrect for username: Chaitanya","errorCode":2002,"level":"warn","message":"","timestamp":"2014-08-29T16:59:52.687Z"}
{"username":"Chaitanya","errorDescription":"The password entered is incorrect for username: Chaitanya","errorCode":2002,"level":"error","message":"","timestamp":"2014-08-29T16:59:52.687Z"}
{"username":"Chaitanya","errorDescription":"The password entered is incorrect for username: Chaitanya","errorCode":2002,"level":"warn","message":"","timestamp":"2014-08-29T17:00:08.045Z"}
{"username":"Chaitanya","errorDescription":"The password entered is incorrect for username: Chaitanya","errorCode":2002,"level":"error","message":"","timestamp":"2014-08-29T17:00:08.045Z"}
{"username":"Chaitanya","errorDescription":"The password entered is incorrect for username: Chaitanya","errorCode":2002,"level":"warn","message":"","timestamp":"2014-08-29T17:00:37.048Z"}
{"username":"Chaitanya","errorDescription":"The password entered is incorrect for username: Chaitanya","errorCode":2002,"level":"error","message":"","timestamp":"2014-08-29T17:00:37.050Z"}
